<?xml version="1.0" encoding="UTF-8"?>
<!-- Generated by org.testng.reporters.JUnitReportReporter -->
<testsuite skipped="0" hostname="IXED-LAP00316" name="Demo.TestNGpriorityDemo" tests="3" failures="0" timestamp="24 Jul 2019 09:55:00 GMT" time="0.017" errors="0">
  <testcase name="test3" time="0.014" classname="Demo.TestNGpriorityDemo"/>
  <testcase name="test2" time="0.001" classname="Demo.TestNGpriorityDemo"/>
  <testcase name="test1" time="0.002" classname="Demo.TestNGpriorityDemo"/>
</testsuite> <!-- Demo.TestNGpriorityDemo -->
