<?xml version="1.0" encoding="UTF-8"?>
<!-- Generated by org.testng.reporters.JUnitReportReporter -->
<testsuite skipped="0" hostname="IXED-LAP00316" name="Utils.excelDataprovider" tests="2" failures="0" timestamp="05 Aug 2019 11:30:35 GMT" time="24.406" errors="0">
  <testcase name="test1" time="11.707" classname="Utils.excelDataprovider"/>
  <testcase name="test1" time="12.699" classname="Utils.excelDataprovider"/>
</testsuite> <!-- Utils.excelDataprovider -->
