<?xml version="1.0" encoding="UTF-8"?>
<!-- Generated by org.testng.reporters.JUnitReportReporter -->
<testsuite skipped="0" hostname="IXED-LAP00316" name="Demo.TestNGgrpousDemo" tests="4" failures="0" timestamp="26 Jul 2019 10:15:38 GMT" time="0.030" errors="0">
  <testcase name="test3" time="0.003" classname="Demo.TestNGgrpousDemo"/>
  <testcase name="test1" time="0.016" classname="Demo.TestNGgrpousDemo"/>
  <testcase name="test2" time="0.009" classname="Demo.TestNGgrpousDemo"/>
  <testcase name="test4" time="0.002" classname="Demo.TestNGgrpousDemo"/>
</testsuite> <!-- Demo.TestNGgrpousDemo -->
