<?xml version="1.0" encoding="UTF-8"?>
<!-- Generated by org.testng.reporters.JUnitReportReporter -->
<testsuite skipped="0" hostname="IXED-LAP00316" name="Demo.TestngParametersDemo" tests="1" failures="0" timestamp="29 Jul 2019 06:07:22 GMT" time="0.016" errors="0">
  <testcase name="test" time="0.016" classname="Demo.TestngParametersDemo"/>
</testsuite> <!-- Demo.TestngParametersDemo -->
