<?xml version="1.0" encoding="UTF-8"?>
<!-- Generated by org.testng.reporters.JUnitReportReporter -->
<testsuite skipped="0" hostname="IXED-LAP00316" name="Demo.TestNGDependenciesDemo" tests="3" failures="0" timestamp="29 Jul 2019 07:15:40 GMT" time="0.019" errors="0">
  <testcase name="test3" time="0.002" classname="Demo.TestNGDependenciesDemo"/>
  <testcase name="test1" time="0.002" classname="Demo.TestNGDependenciesDemo"/>
  <testcase name="test2" time="0.015" classname="Demo.TestNGDependenciesDemo"/>
</testsuite> <!-- Demo.TestNGDependenciesDemo -->
